<?xml version="1.0" encoding="UTF-8"?>
<testsuites>
  <testsuite name="D:\dev\ffb\platform\phpunit.xml" tests="33" assertions="105" errors="0" failures="0" skipped="0" time="1.494294">
    <testsuite name="Unit" tests="11" assertions="27" errors="0" failures="0" skipped="0" time="1.081027">
      <testsuite name="Tests\Unit\ExampleTest" file="D:\dev\ffb\platform\tests\Unit\ExampleTest.php" tests="1" assertions="1" errors="0" failures="0" skipped="0" time="0.001153">
        <testcase name="test_that_true_is_true" file="D:\dev\ffb\platform\tests\Unit\ExampleTest.php" line="12" class="Tests\Unit\ExampleTest" classname="Tests.Unit.ExampleTest" assertions="1" time="0.001153"/>
      </testsuite>
      <testsuite name="Tests\Unit\FfbPasswordTest" file="D:\dev\ffb\platform\tests\Unit\FfbPasswordTest.php" tests="3" assertions="10" errors="0" failures="0" skipped="0" time="0.986499">
        <testcase name="test_verifies_legacy_md5" file="D:\dev\ffb\platform\tests\Unit\FfbPasswordTest.php" line="10" class="Tests\Unit\FfbPasswordTest" classname="Tests.Unit.FfbPasswordTest" assertions="4" time="0.194945"/>
        <testcase name="test_verifies_modern_hash" file="D:\dev\ffb\platform\tests\Unit\FfbPasswordTest.php" line="21" class="Tests\Unit\FfbPasswordTest" classname="Tests.Unit.FfbPasswordTest" assertions="3" time="0.774398"/>
        <testcase name="test_rejects_empty_hash" file="D:\dev\ffb\platform\tests\Unit\FfbPasswordTest.php" line="31" class="Tests\Unit\FfbPasswordTest" classname="Tests.Unit.FfbPasswordTest" assertions="3" time="0.017156"/>
      </testsuite>
      <testsuite name="Tests\Unit\LineupServiceNormalizeTest" file="D:\dev\ffb\platform\tests\Unit\LineupServiceNormalizeTest.php" tests="1" assertions="2" errors="0" failures="0" skipped="0" time="0.012726">
        <testcase name="test_normalizes_comma_string_and_arrays" file="D:\dev\ffb\platform\tests\Unit\LineupServiceNormalizeTest.php" line="10" class="Tests\Unit\LineupServiceNormalizeTest" classname="Tests.Unit.LineupServiceNormalizeTest" assertions="2" time="0.012726"/>
      </testsuite>
      <testsuite name="Tests\Unit\LoginServiceTest" file="D:\dev\ffb\platform\tests\Unit\LoginServiceTest.php" tests="4" assertions="6" errors="0" failures="0" skipped="0" time="0.049245">
        <testcase name="test_resolve_destination_defaults_to_platform" file="D:\dev\ffb\platform\tests\Unit\LoginServiceTest.php" line="12" class="Tests\Unit\LoginServiceTest" classname="Tests.Unit.LoginServiceTest" assertions="1" time="0.013243"/>
        <testcase name="test_resolve_destination_forces_admin_path" file="D:\dev\ffb\platform\tests\Unit\LoginServiceTest.php" line="22" class="Tests\Unit\LoginServiceTest" classname="Tests.Unit.LoginServiceTest" assertions="1" time="0.012436"/>
        <testcase name="test_resolve_destination_allows_safe_paths" file="D:\dev\ffb\platform\tests\Unit\LoginServiceTest.php" line="32" class="Tests\Unit\LoginServiceTest" classname="Tests.Unit.LoginServiceTest" assertions="1" time="0.012383"/>
        <testcase name="test_resolve_destination_rejects_open_redirects" file="D:\dev\ffb\platform\tests\Unit\LoginServiceTest.php" line="39" class="Tests\Unit\LoginServiceTest" classname="Tests.Unit.LoginServiceTest" assertions="3" time="0.011183"/>
      </testsuite>
      <testsuite name="Tests\Unit\UserscoreServiceTest" file="D:\dev\ffb\platform\tests\Unit\UserscoreServiceTest.php" tests="2" assertions="8" errors="0" failures="0" skipped="0" time="0.031406">
        <testcase name="test_rank_overall_assigns_tied_ranks" file="D:\dev\ffb\platform\tests\Unit\UserscoreServiceTest.php" line="11" class="Tests\Unit\UserscoreServiceTest" classname="Tests.Unit.UserscoreServiceTest" assertions="5" time="0.013237"/>
        <testcase name="test_rank_round_orders_by_points" file="D:\dev\ffb\platform\tests\Unit\UserscoreServiceTest.php" line="32" class="Tests\Unit\UserscoreServiceTest" classname="Tests.Unit.UserscoreServiceTest" assertions="3" time="0.018169"/>
      </testsuite>
    </testsuite>
    <testsuite name="Feature" tests="22" assertions="78" errors="0" failures="0" skipped="0" time="0.413266">
      <testsuite name="Tests\Feature\DashboardApiTest" file="D:\dev\ffb\platform\tests\Feature\DashboardApiTest.php" tests="3" assertions="13" errors="0" failures="0" skipped="0" time="0.117939">
        <testcase name="test_dashboard_requires_auth" file="D:\dev\ffb\platform\tests\Feature\DashboardApiTest.php" line="13" class="Tests\Feature\DashboardApiTest" classname="Tests.Feature.DashboardApiTest" assertions="1" time="0.062251"/>
        <testcase name="test_dashboard_returns_payload" file="D:\dev\ffb\platform\tests\Feature\DashboardApiTest.php" line="20" class="Tests\Feature\DashboardApiTest" classname="Tests.Feature.DashboardApiTest" assertions="4" time="0.028087"/>
        <testcase name="test_logged_in_start_renders_dashboard" file="D:\dev\ffb\platform\tests\Feature\DashboardApiTest.php" line="53" class="Tests\Feature\DashboardApiTest" classname="Tests.Feature.DashboardApiTest" assertions="8" time="0.027601"/>
      </testsuite>
      <testsuite name="Tests\Feature\ExampleTest" file="D:\dev\ffb\platform\tests\Feature\ExampleTest.php" tests="1" assertions="1" errors="0" failures="0" skipped="0" time="0.021506">
        <testcase name="test_the_application_returns_a_successful_response" file="D:\dev\ffb\platform\tests\Feature\ExampleTest.php" line="10" class="Tests\Feature\ExampleTest" classname="Tests.Feature.ExampleTest" assertions="1" time="0.021506"/>
      </testsuite>
      <testsuite name="Tests\Feature\LineupApiTest" file="D:\dev\ffb\platform\tests\Feature\LineupApiTest.php" tests="7" assertions="21" errors="0" failures="0" skipped="0" time="0.097406">
        <testcase name="test_requires_authentication" file="D:\dev\ffb\platform\tests\Feature\LineupApiTest.php" line="16" class="Tests\Feature\LineupApiTest" classname="Tests.Feature.LineupApiTest" assertions="3" time="0.017136"/>
        <testcase name="test_accepts_laravel_session" file="D:\dev\ffb\platform\tests\Feature\LineupApiTest.php" line="25" class="Tests\Feature\LineupApiTest" classname="Tests.Feature.LineupApiTest" assertions="5" time="0.015426"/>
        <testcase name="test_requires_matchround_id" file="D:\dev\ffb\platform\tests\Feature\LineupApiTest.php" line="57" class="Tests\Feature\LineupApiTest" classname="Tests.Feature.LineupApiTest" assertions="2" time="0.012592"/>
        <testcase name="test_returns_lineup_payload" file="D:\dev\ffb\platform\tests\Feature\LineupApiTest.php" line="73" class="Tests\Feature\LineupApiTest" classname="Tests.Feature.LineupApiTest" assertions="3" time="0.012104"/>
        <testcase name="test_store_requires_matchround_id" file="D:\dev\ffb\platform\tests\Feature\LineupApiTest.php" line="102" class="Tests\Feature\LineupApiTest" classname="Tests.Feature.LineupApiTest" assertions="2" time="0.013040"/>
        <testcase name="test_store_saves_lineup" file="D:\dev\ffb\platform\tests\Feature\LineupApiTest.php" line="120" class="Tests\Feature\LineupApiTest" classname="Tests.Feature.LineupApiTest" assertions="3" time="0.013835"/>
        <testcase name="test_store_rejects_invalid_lineup" file="D:\dev\ffb\platform\tests\Feature\LineupApiTest.php" line="160" class="Tests\Feature\LineupApiTest" classname="Tests.Feature.LineupApiTest" assertions="3" time="0.013274"/>
      </testsuite>
      <testsuite name="Tests\Feature\LoginTest" file="D:\dev\ffb\platform\tests\Feature\LoginTest.php" tests="3" assertions="12" errors="0" failures="0" skipped="0" time="0.054392">
        <testcase name="test_login_success_sets_session_and_returns_destination" file="D:\dev\ffb\platform\tests\Feature\LoginTest.php" line="11" class="Tests\Feature\LoginTest" classname="Tests.Feature.LoginTest" assertions="4" time="0.019325"/>
        <testcase name="test_login_rejects_with_errors" file="D:\dev\ffb\platform\tests\Feature\LoginTest.php" line="42" class="Tests\Feature\LoginTest" classname="Tests.Feature.LoginTest" assertions="5" time="0.017863"/>
        <testcase name="test_logout_clears_session" file="D:\dev\ffb\platform\tests\Feature\LoginTest.php" line="65" class="Tests\Feature\LoginTest" classname="Tests.Feature.LoginTest" assertions="3" time="0.017204"/>
      </testsuite>
      <testsuite name="Tests\Feature\StartPageTest" file="D:\dev\ffb\platform\tests\Feature\StartPageTest.php" tests="2" assertions="11" errors="0" failures="0" skipped="0" time="0.031595">
        <testcase name="test_start_page_renders" file="D:\dev\ffb\platform\tests\Feature\StartPageTest.php" line="10" class="Tests\Feature\StartPageTest" classname="Tests.Feature.StartPageTest" assertions="8" time="0.016528"/>
        <testcase name="test_start_api_returns_payload" file="D:\dev\ffb\platform\tests\Feature\StartPageTest.php" line="50" class="Tests\Feature\StartPageTest" classname="Tests.Feature.StartPageTest" assertions="3" time="0.015067"/>
      </testsuite>
      <testsuite name="Tests\Feature\UserscoreApiTest" file="D:\dev\ffb\platform\tests\Feature\UserscoreApiTest.php" tests="6" assertions="20" errors="0" failures="0" skipped="0" time="0.090429">
        <testcase name="test_userscore_requires_auth" file="D:\dev\ffb\platform\tests\Feature\UserscoreApiTest.php" line="25" class="Tests\Feature\UserscoreApiTest" classname="Tests.Feature.UserscoreApiTest" assertions="3" time="0.019227"/>
        <testcase name="test_overall_returns_payload" file="D:\dev\ffb\platform\tests\Feature\UserscoreApiTest.php" line="32" class="Tests\Feature\UserscoreApiTest" classname="Tests.Feature.UserscoreApiTest" assertions="4" time="0.016623"/>
        <testcase name="test_round_returns_payload" file="D:\dev\ffb\platform\tests\Feature\UserscoreApiTest.php" line="70" class="Tests\Feature\UserscoreApiTest" classname="Tests.Feature.UserscoreApiTest" assertions="3" time="0.014344"/>
        <testcase name="test_matchrounds_returns_payload" file="D:\dev\ffb\platform\tests\Feature\UserscoreApiTest.php" line="94" class="Tests\Feature\UserscoreApiTest" classname="Tests.Feature.UserscoreApiTest" assertions="3" time="0.013900"/>
        <testcase name="test_userscore_page_redirects_guests" file="D:\dev\ffb\platform\tests\Feature\UserscoreApiTest.php" line="116" class="Tests\Feature\UserscoreApiTest" classname="Tests.Feature.UserscoreApiTest" assertions="2" time="0.013469"/>
        <testcase name="test_userscore_page_renders_for_logged_in_user" file="D:\dev\ffb\platform\tests\Feature\UserscoreApiTest.php" line="122" class="Tests\Feature\UserscoreApiTest" classname="Tests.Feature.UserscoreApiTest" assertions="5" time="0.012865"/>
      </testsuite>
    </testsuite>
  </testsuite>
</testsuites>
